<?xml version="1.0" encoding="UTF-8"?>
<testsuite name="com.eduScale.EduScaleApplicationTests" tests="1" skipped="0" failures="0" errors="0" timestamp="2026-03-28T10:01:28" hostname="MSI" time="0.778">
  <properties/>
  <testcase name="contextLoads()" classname="com.eduScale.EduScaleApplicationTests" time="0.778"/>
  <system-out><![CDATA[15:31:24.449 [Test worker] INFO org.springframework.test.context.support.AnnotationConfigContextLoaderUtils -- Could not detect default configuration classes for test class [com.eduScale.EduScaleApplicationTests]: EduScaleApplicationTests does not declare any static, non-private, non-final, nested classes annotated with @Configuration.
15:31:24.606 [Test worker] INFO org.springframework.boot.test.context.SpringBootTestContextBootstrapper -- Found @SpringBootConfiguration com.eduScale.EduScaleApplication for test class com.eduScale.EduScaleApplicationTests

  .   ____          _            __ _ _
 /\\ / ___'_ __ _ _(_)_ __  __ _ \ \ \ \
( ( )\___ | '_ | '_| | '_ \/ _` | \ \ \ \
 \\/  ___)| |_)| | | | | || (_| |  ) ) ) )
  '  |____| .__|_| |_|_| |_\__, | / / / /
 =========|_|==============|___/=/_/_/_/
 :: Spring Boot ::                (v3.2.5)

2026-03-28T15:31:25.045+05:30  INFO 32384 --- [EduScale] [    Test worker] com.eduScale.EduScaleApplicationTests    : Starting EduScaleApplicationTests using Java 21.0.3 with PID 32384 (started by kotwa in D:\Learning Application Repo\EduScacle_Learning_Management_System)
2026-03-28T15:31:25.046+05:30  INFO 32384 --- [EduScale] [    Test worker] com.eduScale.EduScaleApplicationTests    : No active profile set, falling back to 1 default profile: "default"
2026-03-28T15:31:26.261+05:30  INFO 32384 --- [EduScale] [    Test worker] .s.d.r.c.RepositoryConfigurationDelegate : Bootstrapping Spring Data MongoDB repositories in DEFAULT mode.
2026-03-28T15:31:26.376+05:30  INFO 32384 --- [EduScale] [    Test worker] .s.d.r.c.RepositoryConfigurationDelegate : Finished Spring Data repository scanning in 108 ms. Found 14 MongoDB repository interfaces.
2026-03-28T15:31:26.987+05:30  INFO 32384 --- [EduScale] [    Test worker] org.mongodb.driver.client                : MongoClient with metadata {"driver": {"name": "mongo-java-driver|sync|spring-boot", "version": "4.11.2"}, "os": {"type": "Windows", "name": "Windows 11", "architecture": "amd64", "version": "10.0"}, "platform": "Java/Oracle Corporation/21.0.3+7-LTS-152"} created with settings MongoClientSettings{readPreference=primary, writeConcern=WriteConcern{w=null, wTimeout=null ms, journal=null}, retryWrites=true, retryReads=true, readConcern=ReadConcern{level=null}, credential=null, transportSettings=null, streamFactoryFactory=null, commandListeners=[io.micrometer.core.instrument.binder.mongodb.MongoMetricsCommandListener@11d2714a], codecRegistry=ProvidersCodecRegistry{codecProviders=[ValueCodecProvider{}, BsonValueCodecProvider{}, DBRefCodecProvider{}, DBObjectCodecProvider{}, DocumentCodecProvider{}, CollectionCodecProvider{}, IterableCodecProvider{}, MapCodecProvider{}, GeoJsonCodecProvider{}, GridFSFileCodecProvider{}, Jsr310CodecProvider{}, JsonObjectCodecProvider{}, BsonCodecProvider{}, EnumCodecProvider{}, com.mongodb.client.model.mql.ExpressionCodecProvider@ca546a1, com.mongodb.Jep395RecordCodecProvider@2c8a445b, com.mongodb.KotlinCodecProvider@356b6b5d]}, loggerSettings=LoggerSettings{maxDocumentLength=1000}, clusterSettings={hosts=[localhost:27017], srvServiceName=mongodb, mode=SINGLE, requiredClusterType=UNKNOWN, requiredReplicaSetName='null', serverSelector='null', clusterListeners='[]', serverSelectionTimeout='30000 ms', localThreshold='15 ms'}, socketSettings=SocketSettings{connectTimeoutMS=10000, readTimeoutMS=0, receiveBufferSize=0, proxySettings=ProxySettings{host=null, port=null, username=null, password=null}}, heartbeatSocketSettings=SocketSettings{connectTimeoutMS=10000, readTimeoutMS=10000, receiveBufferSize=0, proxySettings=ProxySettings{host=null, port=null, username=null, password=null}}, connectionPoolSettings=ConnectionPoolSettings{maxSize=100, minSize=0, maxWaitTimeMS=120000, maxConnectionLifeTimeMS=0, maxConnectionIdleTimeMS=0, maintenanceInitialDelayMS=0, maintenanceFrequencyMS=60000, connectionPoolListeners=[io.micrometer.core.instrument.binder.mongodb.MongoMetricsConnectionPoolListener@37b1149b], maxConnecting=2}, serverSettings=ServerSettings{heartbeatFrequencyMS=10000, minHeartbeatFrequencyMS=500, serverListeners='[]', serverMonitorListeners='[]'}, sslSettings=SslSettings{enabled=false, invalidHostNameAllowed=false, context=null}, applicationName='null', compressorList=[], uuidRepresentation=JAVA_LEGACY, serverApi=null, autoEncryptionSettings=null, dnsClient=null, inetAddressResolver=null, contextProvider=null}
2026-03-28T15:31:27.026+05:30  INFO 32384 --- [EduScale] [localhost:27017] org.mongodb.driver.cluster               : Monitor thread successfully connected to server with description ServerDescription{address=localhost:27017, type=STANDALONE, state=CONNECTED, ok=true, minWireVersion=0, maxWireVersion=27, maxDocumentSize=16777216, logicalSessionTimeoutMinutes=30, roundTripTimeNanos=26429400}
2026-03-28T15:31:27.591+05:30  WARN 32384 --- [EduScale] [    Test worker] .s.s.UserDetailsServiceAutoConfiguration : 

Using generated security password: 76670a93-215a-435a-8b9f-eafb64d128a3

This generated password is for development use only. Your security configuration must be updated before running your application in production.

2026-03-28T15:31:27.934+05:30  INFO 32384 --- [EduScale] [    Test worker] o.s.b.a.e.web.EndpointLinksResolver      : Exposing 1 endpoint(s) beneath base path '/actuator'
2026-03-28T15:31:27.977+05:30  INFO 32384 --- [EduScale] [    Test worker] o.s.s.web.DefaultSecurityFilterChain     : Will secure any request with [org.springframework.security.web.session.DisableEncodeUrlFilter@7028b5cc, org.springframework.security.web.context.request.async.WebAsyncManagerIntegrationFilter@7c0ff7a0, org.springframework.security.web.context.SecurityContextHolderFilter@322ab6ce, org.springframework.security.web.header.HeaderWriterFilter@51c008fd, org.springframework.web.filter.CorsFilter@24c84e65, org.springframework.security.web.authentication.logout.LogoutFilter@70bc3a9c, com.eduScale.security.JwtAuthenticationFilter@7337bd2e, org.springframework.security.web.savedrequest.RequestCacheAwareFilter@4e4bfd9c, org.springframework.security.web.servletapi.SecurityContextHolderAwareRequestFilter@43ee1cf7, org.springframework.security.web.authentication.AnonymousAuthenticationFilter@4604e051, org.springframework.security.web.session.SessionManagementFilter@390a07a0, org.springframework.security.web.access.ExceptionTranslationFilter@1df9f7c6, org.springframework.security.web.access.intercept.AuthorizationFilter@1013871e]
2026-03-28T15:31:28.329+05:30  INFO 32384 --- [EduScale] [    Test worker] com.eduScale.EduScaleApplicationTests    : Started EduScaleApplicationTests in 3.567 seconds (process running for 4.823)
]]></system-out>
  <system-err><![CDATA[WARNING: A Java agent has been loaded dynamically (C:\Users\kotwa\.gradle\caches\modules-2\files-2.1\net.bytebuddy\byte-buddy-agent\1.14.13\979ce25f7d3096a2e82214ba7dc972a05ce7a171\byte-buddy-agent-1.14.13.jar)
WARNING: If a serviceability tool is in use, please run with -XX:+EnableDynamicAgentLoading to hide this warning
WARNING: If a serviceability tool is not in use, please run with -Djdk.instrument.traceUsage for more information
WARNING: Dynamic loading of agents will be disallowed by default in a future release
]]></system-err>
</testsuite>
